<?xml version="1.0" encoding="UTF-8"?>
<testsuite xmlns:xsi="http://www.w3.org/2001/XMLSchema-instance" xsi:noNamespaceSchemaLocation="https://maven.apache.org/surefire/maven-surefire-plugin/xsd/surefire-test-report.xsd" name="ca.jrvs.apps.twitter.service.TwitterServiceIntTest" time="0.365" tests="3" errors="3" skipped="0" failures="0">
  <properties>
[...]
</properties>
  <testcase name="showTweet" classname="ca.jrvs.apps.twitter.service.TwitterServiceIntTest" time="0.084">
    <error message="Unable to convert JSON string to Object" type="java.lang.RuntimeException">java.lang.RuntimeException: Unable to convert JSON string to Object
	at ca.jrvs.apps.twitter.service.TwitterServiceIntTest.showTweet(TwitterServiceIntTest.java:55)
Caused by: com.fasterxml.jackson.databind.exc.UnrecognizedPropertyException: 
Unrecognized field "truncated" (class ca.jrvs.apps.twitter.model.Tweet), not marked as ignorable (10 known properties: "entities", "favorited", "created_at", "id", "favorite_count", "id_str", "retweet_count", "coordinates", "text", "retweeted"])
 at [Source: (String)"{"created_at":"Mon Feb 28 19:27:07 +0000 2022","id":1498379253892714505,"id_str":"1498379253892714505","text":"No one can make you feel inferior without your consent","truncated":false,"entities":{"hashtags":[],"symbols":[],"user_mentions":[],"urls":[]},"source":"\u003ca href=\"https:\/\/jrvs.ca\" rel=\"nofollow\"\u003ejrvs-twitter-app\u003c\/a\u003e","in_reply_to_status_id":null,"in_reply_to_status_id_str":null,"in_reply_to_user_id":null,"in_reply_to_user_id_str":null,"in_reply_to_screen_name":"[truncated 1456 chars]; line: 1, column: 185] (through reference chain: ca.jrvs.apps.twitter.model.Tweet["truncated"])
	at ca.jrvs.apps.twitter.service.TwitterServiceIntTest.showTweet(TwitterServiceIntTest.java:55)
</error>
    <system-out><![CDATA[22:52:18.195 [main] DEBUG org.apache.http.client.protocol.RequestAddCookies - CookieSpec selected: default
22:52:18.195 [main] DEBUG org.apache.http.client.protocol.RequestAuthCache - Auth cache not set in the context
22:52:18.195 [main] DEBUG org.apache.http.impl.conn.PoolingHttpClientConnectionManager - Connection request: [route: {s}->https://api.twitter.com:443][total kept alive: 0; route allocated: 0 of 2; total allocated: 0 of 20]
22:52:18.195 [main] DEBUG org.apache.http.impl.conn.PoolingHttpClientConnectionManager - Connection leased: [id: 5][route: {s}->https://api.twitter.com:443][total kept alive: 0; route allocated: 1 of 2; total allocated: 1 of 20]
22:52:18.195 [main] DEBUG org.apache.http.impl.execchain.MainClientExec - Opening connection {s}->https://api.twitter.com:443
22:52:18.195 [main] DEBUG org.apache.http.impl.conn.DefaultHttpClientConnectionOperator - Connecting to api.twitter.com/104.244.42.66:443
22:52:18.195 [main] DEBUG org.apache.http.conn.ssl.SSLConnectionSocketFactory - Connecting socket to api.twitter.com/104.244.42.66:443 with timeout 0
22:52:18.215 [main] DEBUG org.apache.http.conn.ssl.SSLConnectionSocketFactory - Enabled protocols: [TLSv1.2]
22:52:18.215 [main] DEBUG org.apache.http.conn.ssl.SSLConnectionSocketFactory - Enabled cipher suites:[TLS_ECDHE_ECDSA_WITH_AES_256_GCM_SHA384, TLS_ECDHE_ECDSA_WITH_AES_128_GCM_SHA256, TLS_ECDHE_RSA_WITH_AES_256_GCM_SHA384, TLS_ECDHE_RSA_WITH_AES_128_GCM_SHA256, TLS_DHE_RSA_WITH_AES_256_GCM_SHA384, TLS_DHE_DSS_WITH_AES_256_GCM_SHA384, TLS_DHE_RSA_WITH_AES_128_GCM_SHA256, TLS_DHE_DSS_WITH_AES_128_GCM_SHA256, TLS_ECDHE_ECDSA_WITH_AES_256_CBC_SHA384, TLS_ECDHE_RSA_WITH_AES_256_CBC_SHA384, TLS_ECDHE_ECDSA_WITH_AES_128_CBC_SHA256, TLS_ECDHE_RSA_WITH_AES_128_CBC_SHA256, TLS_DHE_RSA_WITH_AES_256_CBC_SHA256, TLS_DHE_DSS_WITH_AES_256_CBC_SHA256, TLS_DHE_RSA_WITH_AES_128_CBC_SHA256, TLS_DHE_DSS_WITH_AES_128_CBC_SHA256, TLS_ECDH_ECDSA_WITH_AES_256_GCM_SHA384, TLS_ECDH_RSA_WITH_AES_256_GCM_SHA384, TLS_ECDH_ECDSA_WITH_AES_128_GCM_SHA256, TLS_ECDH_RSA_WITH_AES_128_GCM_SHA256, TLS_ECDH_ECDSA_WITH_AES_256_CBC_SHA384, TLS_ECDH_RSA_WITH_AES_256_CBC_SHA384, TLS_ECDH_ECDSA_WITH_AES_128_CBC_SHA256, TLS_ECDH_RSA_WITH_AES_128_CBC_SHA256, TLS_ECDHE_ECDSA_WITH_AES_256_CBC_SHA, TLS_ECDHE_RSA_WITH_AES_256_CBC_SHA, TLS_ECDHE_ECDSA_WITH_AES_128_CBC_SHA, TLS_ECDHE_RSA_WITH_AES_128_CBC_SHA, TLS_DHE_RSA_WITH_AES_256_CBC_SHA, TLS_DHE_DSS_WITH_AES_256_CBC_SHA, TLS_DHE_RSA_WITH_AES_128_CBC_SHA, TLS_DHE_DSS_WITH_AES_128_CBC_SHA, TLS_ECDH_ECDSA_WITH_AES_256_CBC_SHA, TLS_ECDH_RSA_WITH_AES_256_CBC_SHA, TLS_ECDH_ECDSA_WITH_AES_128_CBC_SHA, TLS_ECDH_RSA_WITH_AES_128_CBC_SHA, TLS_RSA_WITH_AES_256_GCM_SHA384, TLS_RSA_WITH_AES_128_GCM_SHA256, TLS_RSA_WITH_AES_256_CBC_SHA256, TLS_RSA_WITH_AES_128_CBC_SHA256, TLS_RSA_WITH_AES_256_CBC_SHA, TLS_RSA_WITH_AES_128_CBC_SHA, TLS_EMPTY_RENEGOTIATION_INFO_SCSV]
22:52:18.215 [main] DEBUG org.apache.http.conn.ssl.SSLConnectionSocketFactory - Starting handshake
22:52:18.258 [main] DEBUG org.apache.http.conn.ssl.SSLConnectionSocketFactory - Secure session established
22:52:18.259 [main] DEBUG org.apache.http.conn.ssl.SSLConnectionSocketFactory -  negotiated protocol: TLSv1.2
22:52:18.259 [main] DEBUG org.apache.http.conn.ssl.SSLConnectionSocketFactory -  negotiated cipher suite: TLS_ECDHE_RSA_WITH_AES_128_GCM_SHA256
22:52:18.259 [main] DEBUG org.apache.http.conn.ssl.SSLConnectionSocketFactory -  peer principal: CN=api.twitter.com, O="Twitter, Inc.", L=San Francisco, ST=California, C=US
22:52:18.259 [main] DEBUG org.apache.http.conn.ssl.SSLConnectionSocketFactory -  peer alternative names: [api.twitter.com]
22:52:18.259 [main] DEBUG org.apache.http.conn.ssl.SSLConnectionSocketFactory -  issuer principal: CN=DigiCert TLS RSA SHA256 2020 CA1, O=DigiCert Inc, C=US
22:52:18.259 [main] DEBUG org.apache.http.impl.conn.DefaultHttpClientConnectionOperator - Connection established 10.142.0.3:59658<->104.244.42.66:443
22:52:18.259 [main] DEBUG org.apache.http.impl.execchain.MainClientExec - Executing request GET /1.1/statuses/show.json?id=1498379253892714505 HTTP/1.1
22:52:18.259 [main] DEBUG org.apache.http.impl.execchain.MainClientExec - Proxy auth state: UNCHALLENGED
22:52:18.259 [main] DEBUG org.apache.http.headers - http-outgoing-5 >> GET /1.1/statuses/show.json?id=1498379253892714505 HTTP/1.1
22:52:18.259 [main] DEBUG org.apache.http.headers - http-outgoing-5 >> Authorization: OAuth oauth_consumer_key="qZTTQsg3r0DTxMgdKZTozDPeW", oauth_nonce="6132196985890091846", oauth_signature="4p7mQ1lSUWxjl%2ByYupLCqzx7uUw%3D", oauth_signature_method="HMAC-SHA1", oauth_timestamp="1646175138", oauth_token="1007602087780286464-TpgVxeHh0eJtvOU4c0iVDohiD6EQRg", oauth_version="1.0"
22:52:18.259 [main] DEBUG org.apache.http.headers - http-outgoing-5 >> Host: api.twitter.com
22:52:18.259 [main] DEBUG org.apache.http.headers - http-outgoing-5 >> Connection: Keep-Alive
22:52:18.259 [main] DEBUG org.apache.http.headers - http-outgoing-5 >> User-Agent: Apache-HttpClient/4.5.7 (Java/1.8.0_322)
22:52:18.259 [main] DEBUG org.apache.http.headers - http-outgoing-5 >> Accept-Encoding: gzip,deflate
22:52:18.259 [main] DEBUG org.apache.http.wire - http-outgoing-5 >> "GET /1.1/statuses/show.json?id=1498379253892714505 HTTP/1.1[\r][\n]"
22:52:18.259 [main] DEBUG org.apache.http.wire - http-outgoing-5 >> "Authorization: OAuth oauth_consumer_key="qZTTQsg3r0DTxMgdKZTozDPeW", oauth_nonce="6132196985890091846", oauth_signature="4p7mQ1lSUWxjl%2ByYupLCqzx7uUw%3D", oauth_signature_method="HMAC-SHA1", oauth_timestamp="1646175138", oauth_token="1007602087780286464-TpgVxeHh0eJtvOU4c0iVDohiD6EQRg", oauth_version="1.0"[\r][\n]"
22:52:18.259 [main] DEBUG org.apache.http.wire - http-outgoing-5 >> "Host: api.twitter.com[\r][\n]"
22:52:18.259 [main] DEBUG org.apache.http.wire - http-outgoing-5 >> "Connection: Keep-Alive[\r][\n]"
22:52:18.259 [main] DEBUG org.apache.http.wire - http-outgoing-5 >> "User-Agent: Apache-HttpClient/4.5.7 (Java/1.8.0_322)[\r][\n]"
22:52:18.260 [main] DEBUG org.apache.http.wire - http-outgoing-5 >> "Accept-Encoding: gzip,deflate[\r][\n]"
22:52:18.260 [main] DEBUG org.apache.http.wire - http-outgoing-5 >> "[\r][\n]"
22:52:18.313 [main] DEBUG org.apache.http.wire - http-outgoing-5 << "HTTP/1.1 200 OK[\r][\n]"
22:52:18.313 [main] DEBUG org.apache.http.wire - http-outgoing-5 << "date: Tue, 01 Mar 2022 22:52:18 GMT[\r][\n]"
22:52:18.313 [main] DEBUG org.apache.http.wire - http-outgoing-5 << "pragma: no-cache[\r][\n]"
22:52:18.314 [main] DEBUG org.apache.http.wire - http-outgoing-5 << "server: tsa_b[\r][\n]"
22:52:18.314 [main] DEBUG org.apache.http.wire - http-outgoing-5 << "status: 200 OK[\r][\n]"
22:52:18.314 [main] DEBUG org.apache.http.wire - http-outgoing-5 << "expires: Tue, 31 Mar 1981 05:00:00 GMT[\r][\n]"
22:52:18.314 [main] DEBUG org.apache.http.wire - http-outgoing-5 << "set-cookie: guest_id_marketing=v1%3A164617513826779773; Max-Age=63072000; Expires=Thu, 29 Feb 2024 22:52:18 GMT; Path=/; Domain=.twitter.com; Secure; SameSite=None[\r][\n]"
22:52:18.314 [main] DEBUG org.apache.http.wire - http-outgoing-5 << "set-cookie: guest_id_ads=v1%3A164617513826779773; Max-Age=63072000; Expires=Thu, 29 Feb 2024 22:52:18 GMT; Path=/; Domain=.twitter.com; Secure; SameSite=None[\r][\n]"
22:52:18.314 [main] DEBUG org.apache.http.wire - http-outgoing-5 << "set-cookie: personalization_id="v1_Q5naM8SJsdPOVZKbivZNrQ=="; Max-Age=63072000; Expires=Thu, 29 Feb 2024 22:52:18 GMT; Path=/; Domain=.twitter.com; Secure; SameSite=None[\r][\n]"
22:52:18.314 [main] DEBUG org.apache.http.wire - http-outgoing-5 << "set-cookie: lang=en; Path=/[\r][\n]"
22:52:18.314 [main] DEBUG org.apache.http.wire - http-outgoing-5 << "set-cookie: guest_id=v1%3A164617513826779773; Max-Age=63072000; Expires=Thu, 29 Feb 2024 22:52:18 GMT; Path=/; Domain=.twitter.com; Secure; SameSite=None[\r][\n]"
22:52:18.314 [main] DEBUG org.apache.http.wire - http-outgoing-5 << "content-type: application/json;charset=utf-8[\r][\n]"
22:52:18.314 [main] DEBUG org.apache.http.wire - http-outgoing-5 << "cache-control: no-cache, no-store, must-revalidate, pre-check=0, post-check=0[\r][\n]"
22:52:18.314 [main] DEBUG org.apache.http.wire - http-outgoing-5 << "last-modified: Tue, 01 Mar 2022 22:52:18 GMT[\r][\n]"
22:52:18.314 [main] DEBUG org.apache.http.wire - http-outgoing-5 << "x-transaction: 4ae5d932c1c1c1ca[\r][\n]"
22:52:18.314 [main] DEBUG org.apache.http.wire - http-outgoing-5 << "content-length: 817[\r][\n]"
22:52:18.314 [main] DEBUG org.apache.http.wire - http-outgoing-5 << "x-access-level: read-write[\r][\n]"
22:52:18.314 [main] DEBUG org.apache.http.wire - http-outgoing-5 << "x-frame-options: SAMEORIGIN[\r][\n]"
22:52:18.314 [main] DEBUG org.apache.http.wire - http-outgoing-5 << "content-encoding: gzip[\r][\n]"
22:52:18.314 [main] DEBUG org.apache.http.wire - http-outgoing-5 << "x-xss-protection: 0[\r][\n]"
22:52:18.314 [main] DEBUG org.apache.http.wire - http-outgoing-5 << "x-rate-limit-limit: 900[\r][\n]"
22:52:18.314 [main] DEBUG org.apache.http.wire - http-outgoing-5 << "x-rate-limit-reset: 1646175822[\r][\n]"
22:52:18.314 [main] DEBUG org.apache.http.wire - http-outgoing-5 << "content-disposition: attachment; filename=json.json[\r][\n]"
22:52:18.314 [main] DEBUG org.apache.http.wire - http-outgoing-5 << "x-content-type-options: nosniff[\r][\n]"
22:52:18.314 [main] DEBUG org.apache.http.wire - http-outgoing-5 << "x-rate-limit-remaining: 889[\r][\n]"
22:52:18.314 [main] DEBUG org.apache.http.wire - http-outgoing-5 << "x-twitter-response-tags: BouncerCompliant[\r][\n]"
22:52:18.314 [main] DEBUG org.apache.http.wire - http-outgoing-5 << "strict-transport-security: max-age=631138519[\r][\n]"
22:52:18.314 [main] DEBUG org.apache.http.wire - http-outgoing-5 << "x-response-time: 41[\r][\n]"
22:52:18.314 [main] DEBUG org.apache.http.wire - http-outgoing-5 << "x-connection-hash: 8d41055e5d9a89abb8d254eda9fd27d53a6b935230a973ae64b4ba71f4ae2909[\r][\n]"
22:52:18.314 [main] DEBUG org.apache.http.wire - http-outgoing-5 << "[\r][\n]"
22:52:18.314 [main] DEBUG org.apache.http.wire - http-outgoing-5 << "[0x1f][0x8b][0x8][0x0][0x0][0x0][0x0][0x0][0x0][0x0][0xb4]UMo[0xdb]0[0xc][0xfd]+[0x82][0xae]K[0x1b][0xdb][0xf9][0xb0]c`[0x87]bi0[0xc]X[0x7][0xec]:[0xf][0x82]l[0xd3][0x89][0x16]YJ%[0xb9]]V[0xec][0xbf][0x8f][0xb2][0xe3][0xc4]i[0xd2][0xde][0xe6]S[0xc4]GR[0x14][0xc9][0xf7][0xf2]B[0xb][0x3][0xdc]A[0xc9][0xb8][0xa3])[0xfd][0xaa][0x15]YAN[0xa2][0x84][0x84][0x8b]4[0x8a][0xd3] &[0x1f][0x2][0xfc]H[0x14]D[0x11][0x1d]QQ[0xd2]4[0x9c].[0x92]I[0xbc][0x88]f[0x93]d[0x11][0xc5][0xe1]t[0x16][0xcc]<[0xc0][0xac]3[0x98][0xe2][\n]"
22:52:18.314 [main] DEBUG org.apache.http.wire - http-outgoing-5 << "[0x8a]q[0xe]~[0xfb][0xfc][0xf][0x9a]h[0x5][0xa4][0xe0][0x8a][0xd4]|[0xb]d[0xaf][0x1b]R[0x1]H"T[0x5]FhC[0x9e][0x85][0xdb][0xe8][0xc6]y[0xc4][0x90]B+[0xb][0xca][0xf9]x[0xd3][0xa8][0xc2][0xd7]I[0xd3][0x8a]K[0xb]#[0x8a]v[0xe1][0x4]X[0x9a][0xbe][0xd0][\r][0xb7][0x1b][0xc7][0xd7][0xf8][0xfb][0xc7][0xcf][0x11][0xb5][0xfb]:[0xd7][0xf2]ph,[0x18]V{g[0xcc]u0[0x99][0xe][0xfc][0x8b][0xae]xK[0x1]XX[0xd6][0x4][0xc1][0xa4][0xe0]dc[0xa0][0xfa][0x98][0xd1][0x8d]s;[0x9b]f[0xe3]l[0xfc][0xcb]<[0xd9][0xdb][0x82]g[0x94][0x18][0x90][0x88](]i)[0xf5]s[0xd6][0x85][0x80][0xc7]o[0x1c]V[0xed][0xc0][0xdc][0xf0][0xdd][0xae]K[0x94][0x8d]y[0x7][0xfb][0x96])f`'[0xf7][0xcc]il[0x11]w[0x8d]e[0xbe][0x8b][0xaa][0x91][0xf2][\r][0xb0][0xeb][0xe4][0xa5]C[0xfb][0x96][0xeb][0xb1][0x7][0xe8][0xad]H[0x8b]S[0x6][0xc5][0x14][0xaf][0xa1][0x87]}[0x84][0xef]];[0xd1] [0x88][0xe7]A[0x14]$q[0x9c][0x4]Q2[0x9f][0xce][0xa7][0xc3][0x89]^[0xa2][0xf8][0xac].[0x17]}[0x0][0xeb]S[0xa3][0xe1][0xec][0x8e][0xde]>MfQ[0x18][0xcf]'[0x88]K[0x8d][0x3][0xc4]) [0xf8]][0x14][0x9b]Z[0xab][0x92]|[0x16]X[\n]"
22:52:18.314 [main] DEBUG org.apache.http.wire - http-outgoing-5 << "[0xf9][0xa6][0x1c][0xc7][0xe1][0xa3]O[0x9][0x98]E[0xec][0xe]n[0xb4][0x9d]U_[0xf0]p[0xe0]g~/[0xa7][0x89][0xe2]HwF;([0x86][0x9b][0xd2][\r][0xc][0x8c]e[0x85]np[0x9b][0xd2][0x0]mF[0x80]*[0x8f][0x96][0x10][0xcb][0x13][0xd6][0xd3][0xe0][0xe4]rF[0x8c][0x95][0x11][0xe4]K[0xa3]H8#a[0x94]N&[0xe9],:[0x12]#L[0xb0][0xd0][0x8a]?[0xe1].[0x9][0x7][0xc3][[0x1a]W0]U[0x16]\[0xff][0x8]'j`[0x90][0x3][0xbd]a[\r][0x9a][0x81][0xe2][0xb9][0x1c][0x14][0xfc][0x84]T[0xa8][0xc4][0xc0][0xd0]m[0xc6])u[0x8c][0xe5]r[0xb5][0xee]s M[0x9c][0x11]y[0xe3]4[0xbe][0xf1]u2a[0x99]3\Y[0xc9][0x11][0xbe]f[0xc5][0x1e]^[0x4]a[0x13]+![0x81][0xe5][0xbc][0xd8][0xae][\r]^[0xea][0x1b]#}<][0xcd]V[0xc9][0xea][0x8e]^[0xf5][0x11]5_[0x3][0x1b][0xcc][0xec]=[0x1f][0xd6][0x92][0xec][0x1d]O[0x87][0xe7][0x8b][0x8a][0x6]W[0xb4],mI[0xca]s{[0x8b][0x1c][0xac][0xd7][0xb7][0x85][0xae][0xb3][0xb1]u[0xa2][0xd8][0xee][0xb3]q[0x9][0x15]o[0xa4]cg[0xb1][0xf6][0xd2][0xae][0xb4][0xa9][0xb9][0xbc][0xdd]aG[0xaf]\[0xd4][0xd7]9[0x10][0x85][0xff]q[0x9f][0x14]j{lr[0xb8][0xbc][0xb]W[0xd1][0x0][0xb5][0xa2][0x84][0x9c][0x1b][0x96]kS"[0xd3]{[0xbf]O[0xc1][0xf2][0xfe]~y[0xc5][0xf][0xf][0xf2][0xe8][0xb5]D[0xa7][0xd5]|[0xe0][0xe5][0xd5][0xf8][0x88]N[0xda]o[0x80][0xe2][0xa6]][0xc][0x8c][0xa6][0xa8][0xc0]8[0x6]TZ[0x86][0xc1][0xc8][0x1d]d[0xc6]![0xa0][0xc7]^=[0xf3][\r][0xf3]y[0xbe][0x8e][0x9b][0xc2][0xef][0xf2][0x19][Q[0xba][0x1e][0x1b][0xb0][0x8e][0xb5][0xfa][0xdf]cJ;$F'#[0xf6]h=[0xad]7s[0xfb][0x9d][0x17][0x1f][0xe5][0x9]6[0xa2][0xfe][0xbf]d[0x3][0x12][0x9f][0xa0]:[0xe6][0x98]V>Z[0xe5]G[0xde][0x9d][0xe8][0x83]M[0x15][\n]"
22:52:18.314 [main] DEBUG org.apache.http.wire - http-outgoing-5 << "[0xc9]~[0xda]F[0xc9][0xb][0xb8]F[0xaf][0xa3][0xb8]Z[0xf6][0xd8][0xa0][0xd0][0x1c]D[0xfb]X[0x8b][0x1][0xf7][0xc][0xe0][0x86]J[0x83][0xc2][0xe0]u[0xe1][0x8a][0xa9]|[0x1d]6[0xb0]t[0xfc]F[0xd1][0xa3][0xff][0x1][0x0][0x0][0xff][0xff][0x3][0x0]pKX[0xa8][0xa4][0x7][0x0][0x0]"
22:52:18.315 [main] DEBUG org.apache.http.headers - http-outgoing-5 << HTTP/1.1 200 OK
22:52:18.315 [main] DEBUG org.apache.http.headers - http-outgoing-5 << date: Tue, 01 Mar 2022 22:52:18 GMT
22:52:18.315 [main] DEBUG org.apache.http.headers - http-outgoing-5 << pragma: no-cache
22:52:18.315 [main] DEBUG org.apache.http.headers - http-outgoing-5 << server: tsa_b
22:52:18.315 [main] DEBUG org.apache.http.headers - http-outgoing-5 << status: 200 OK
22:52:18.315 [main] DEBUG org.apache.http.headers - http-outgoing-5 << expires: Tue, 31 Mar 1981 05:00:00 GMT
22:52:18.315 [main] DEBUG org.apache.http.headers - http-outgoing-5 << set-cookie: guest_id_marketing=v1%3A164617513826779773; Max-Age=63072000; Expires=Thu, 29 Feb 2024 22:52:18 GMT; Path=/; Domain=.twitter.com; Secure; SameSite=None
22:52:18.315 [main] DEBUG org.apache.http.headers - http-outgoing-5 << set-cookie: guest_id_ads=v1%3A164617513826779773; Max-Age=63072000; Expires=Thu, 29 Feb 2024 22:52:18 GMT; Path=/; Domain=.twitter.com; Secure; SameSite=None
22:52:18.315 [main] DEBUG org.apache.http.headers - http-outgoing-5 << set-cookie: personalization_id="v1_Q5naM8SJsdPOVZKbivZNrQ=="; Max-Age=63072000; Expires=Thu, 29 Feb 2024 22:52:18 GMT; Path=/; Domain=.twitter.com; Secure; SameSite=None
22:52:18.315 [main] DEBUG org.apache.http.headers - http-outgoing-5 << set-cookie: lang=en; Path=/
22:52:18.315 [main] DEBUG org.apache.http.headers - http-outgoing-5 << set-cookie: guest_id=v1%3A164617513826779773; Max-Age=63072000; Expires=Thu, 29 Feb 2024 22:52:18 GMT; Path=/; Domain=.twitter.com; Secure; SameSite=None
22:52:18.315 [main] DEBUG org.apache.http.headers - http-outgoing-5 << content-type: application/json;charset=utf-8
22:52:18.315 [main] DEBUG org.apache.http.headers - http-outgoing-5 << cache-control: no-cache, no-store, must-revalidate, pre-check=0, post-check=0
22:52:18.315 [main] DEBUG org.apache.http.headers - http-outgoing-5 << last-modified: Tue, 01 Mar 2022 22:52:18 GMT
22:52:18.315 [main] DEBUG org.apache.http.headers - http-outgoing-5 << x-transaction: 4ae5d932c1c1c1ca
22:52:18.315 [main] DEBUG org.apache.http.headers - http-outgoing-5 << content-length: 817
22:52:18.315 [main] DEBUG org.apache.http.headers - http-outgoing-5 << x-access-level: read-write
22:52:18.315 [main] DEBUG org.apache.http.headers - http-outgoing-5 << x-frame-options: SAMEORIGIN
22:52:18.315 [main] DEBUG org.apache.http.headers - http-outgoing-5 << content-encoding: gzip
22:52:18.315 [main] DEBUG org.apache.http.headers - http-outgoing-5 << x-xss-protection: 0
22:52:18.315 [main] DEBUG org.apache.http.headers - http-outgoing-5 << x-rate-limit-limit: 900
22:52:18.315 [main] DEBUG org.apache.http.headers - http-outgoing-5 << x-rate-limit-reset: 1646175822
22:52:18.315 [main] DEBUG org.apache.http.headers - http-outgoing-5 << content-disposition: attachment; filename=json.json
22:52:18.315 [main] DEBUG org.apache.http.headers - http-outgoing-5 << x-content-type-options: nosniff
22:52:18.315 [main] DEBUG org.apache.http.headers - http-outgoing-5 << x-rate-limit-remaining: 889
22:52:18.315 [main] DEBUG org.apache.http.headers - http-outgoing-5 << x-twitter-response-tags: BouncerCompliant
22:52:18.315 [main] DEBUG org.apache.http.headers - http-outgoing-5 << strict-transport-security: max-age=631138519
22:52:18.315 [main] DEBUG org.apache.http.headers - http-outgoing-5 << x-response-time: 41
22:52:18.315 [main] DEBUG org.apache.http.headers - http-outgoing-5 << x-connection-hash: 8d41055e5d9a89abb8d254eda9fd27d53a6b935230a973ae64b4ba71f4ae2909
22:52:18.315 [main] DEBUG org.apache.http.impl.execchain.MainClientExec - Connection can be kept alive indefinitely
22:52:18.316 [main] WARN org.apache.http.client.protocol.ResponseProcessCookies - Invalid cookie header: "set-cookie: guest_id_marketing=v1%3A164617513826779773; Max-Age=63072000; Expires=Thu, 29 Feb 2024 22:52:18 GMT; Path=/; Domain=.twitter.com; Secure; SameSite=None". Invalid 'expires' attribute: Thu, 29 Feb 2024 22:52:18 GMT
22:52:18.316 [main] WARN org.apache.http.client.protocol.ResponseProcessCookies - Invalid cookie header: "set-cookie: guest_id_ads=v1%3A164617513826779773; Max-Age=63072000; Expires=Thu, 29 Feb 2024 22:52:18 GMT; Path=/; Domain=.twitter.com; Secure; SameSite=None". Invalid 'expires' attribute: Thu, 29 Feb 2024 22:52:18 GMT
22:52:18.316 [main] WARN org.apache.http.client.protocol.ResponseProcessCookies - Invalid cookie header: "set-cookie: personalization_id="v1_Q5naM8SJsdPOVZKbivZNrQ=="; Max-Age=63072000; Expires=Thu, 29 Feb 2024 22:52:18 GMT; Path=/; Domain=.twitter.com; Secure; SameSite=None". Invalid 'expires' attribute: Thu, 29 Feb 2024 22:52:18 GMT
22:52:18.316 [main] DEBUG org.apache.http.client.protocol.ResponseProcessCookies - Cookie accepted [lang="en", version:0, domain:api.twitter.com, path:/, expiry:null]
22:52:18.317 [main] WARN org.apache.http.client.protocol.ResponseProcessCookies - Invalid cookie header: "set-cookie: guest_id=v1%3A164617513826779773; Max-Age=63072000; Expires=Thu, 29 Feb 2024 22:52:18 GMT; Path=/; Domain=.twitter.com; Secure; SameSite=None". Invalid 'expires' attribute: Thu, 29 Feb 2024 22:52:18 GMT
22:52:18.317 [main] DEBUG org.apache.http.impl.conn.PoolingHttpClientConnectionManager - Connection [id: 5][route: {s}->https://api.twitter.com:443] can be kept alive indefinitely
22:52:18.317 [main] DEBUG org.apache.http.impl.conn.DefaultManagedHttpClientConnection - http-outgoing-5: set socket timeout to 0
22:52:18.317 [main] DEBUG org.apache.http.impl.conn.PoolingHttpClientConnectionManager - Connection released: [id: 5][route: {s}->https://api.twitter.com:443][total kept alive: 1; route allocated: 1 of 2; total allocated: 1 of 20]
]]></system-out>
  </testcase>
  <testcase name="deleteTweets" classname="ca.jrvs.apps.twitter.service.TwitterServiceIntTest" time="0.132">
    <error message="Unexpected HTTP status: 404" type="java.lang.RuntimeException">java.lang.RuntimeException: Unexpected HTTP status: 404
	at ca.jrvs.apps.twitter.service.TwitterServiceIntTest.deleteTweets(TwitterServiceIntTest.java:62)
</error>
    <system-out><![CDATA[22:52:18.346 [main] DEBUG org.apache.http.client.protocol.RequestAddCookies - CookieSpec selected: default
22:52:18.346 [main] DEBUG org.apache.http.client.protocol.RequestAuthCache - Auth cache not set in the context
22:52:18.346 [main] DEBUG org.apache.http.impl.conn.PoolingHttpClientConnectionManager - Connection request: [route: {s}->https://api.twitter.com:443][total kept alive: 0; route allocated: 0 of 2; total allocated: 0 of 20]
22:52:18.347 [main] DEBUG org.apache.http.impl.conn.PoolingHttpClientConnectionManager - Connection leased: [id: 6][route: {s}->https://api.twitter.com:443][total kept alive: 0; route allocated: 1 of 2; total allocated: 1 of 20]
22:52:18.347 [main] DEBUG org.apache.http.impl.execchain.MainClientExec - Opening connection {s}->https://api.twitter.com:443
22:52:18.347 [main] DEBUG org.apache.http.impl.conn.DefaultHttpClientConnectionOperator - Connecting to api.twitter.com/104.244.42.66:443
22:52:18.347 [main] DEBUG org.apache.http.conn.ssl.SSLConnectionSocketFactory - Connecting socket to api.twitter.com/104.244.42.66:443 with timeout 0
22:52:18.366 [main] DEBUG org.apache.http.conn.ssl.SSLConnectionSocketFactory - Enabled protocols: [TLSv1.2]
22:52:18.366 [main] DEBUG org.apache.http.conn.ssl.SSLConnectionSocketFactory - Enabled cipher suites:[TLS_ECDHE_ECDSA_WITH_AES_256_GCM_SHA384, TLS_ECDHE_ECDSA_WITH_AES_128_GCM_SHA256, TLS_ECDHE_RSA_WITH_AES_256_GCM_SHA384, TLS_ECDHE_RSA_WITH_AES_128_GCM_SHA256, TLS_DHE_RSA_WITH_AES_256_GCM_SHA384, TLS_DHE_DSS_WITH_AES_256_GCM_SHA384, TLS_DHE_RSA_WITH_AES_128_GCM_SHA256, TLS_DHE_DSS_WITH_AES_128_GCM_SHA256, TLS_ECDHE_ECDSA_WITH_AES_256_CBC_SHA384, TLS_ECDHE_RSA_WITH_AES_256_CBC_SHA384, TLS_ECDHE_ECDSA_WITH_AES_128_CBC_SHA256, TLS_ECDHE_RSA_WITH_AES_128_CBC_SHA256, TLS_DHE_RSA_WITH_AES_256_CBC_SHA256, TLS_DHE_DSS_WITH_AES_256_CBC_SHA256, TLS_DHE_RSA_WITH_AES_128_CBC_SHA256, TLS_DHE_DSS_WITH_AES_128_CBC_SHA256, TLS_ECDH_ECDSA_WITH_AES_256_GCM_SHA384, TLS_ECDH_RSA_WITH_AES_256_GCM_SHA384, TLS_ECDH_ECDSA_WITH_AES_128_GCM_SHA256, TLS_ECDH_RSA_WITH_AES_128_GCM_SHA256, TLS_ECDH_ECDSA_WITH_AES_256_CBC_SHA384, TLS_ECDH_RSA_WITH_AES_256_CBC_SHA384, TLS_ECDH_ECDSA_WITH_AES_128_CBC_SHA256, TLS_ECDH_RSA_WITH_AES_128_CBC_SHA256, TLS_ECDHE_ECDSA_WITH_AES_256_CBC_SHA, TLS_ECDHE_RSA_WITH_AES_256_CBC_SHA, TLS_ECDHE_ECDSA_WITH_AES_128_CBC_SHA, TLS_ECDHE_RSA_WITH_AES_128_CBC_SHA, TLS_DHE_RSA_WITH_AES_256_CBC_SHA, TLS_DHE_DSS_WITH_AES_256_CBC_SHA, TLS_DHE_RSA_WITH_AES_128_CBC_SHA, TLS_DHE_DSS_WITH_AES_128_CBC_SHA, TLS_ECDH_ECDSA_WITH_AES_256_CBC_SHA, TLS_ECDH_RSA_WITH_AES_256_CBC_SHA, TLS_ECDH_ECDSA_WITH_AES_128_CBC_SHA, TLS_ECDH_RSA_WITH_AES_128_CBC_SHA, TLS_RSA_WITH_AES_256_GCM_SHA384, TLS_RSA_WITH_AES_128_GCM_SHA256, TLS_RSA_WITH_AES_256_CBC_SHA256, TLS_RSA_WITH_AES_128_CBC_SHA256, TLS_RSA_WITH_AES_256_CBC_SHA, TLS_RSA_WITH_AES_128_CBC_SHA, TLS_EMPTY_RENEGOTIATION_INFO_SCSV]
22:52:18.366 [main] DEBUG org.apache.http.conn.ssl.SSLConnectionSocketFactory - Starting handshake
22:52:18.418 [main] DEBUG org.apache.http.conn.ssl.SSLConnectionSocketFactory - Secure session established
22:52:18.418 [main] DEBUG org.apache.http.conn.ssl.SSLConnectionSocketFactory -  negotiated protocol: TLSv1.2
22:52:18.418 [main] DEBUG org.apache.http.conn.ssl.SSLConnectionSocketFactory -  negotiated cipher suite: TLS_ECDHE_RSA_WITH_AES_128_GCM_SHA256
22:52:18.418 [main] DEBUG org.apache.http.conn.ssl.SSLConnectionSocketFactory -  peer principal: CN=api.twitter.com, O="Twitter, Inc.", L=San Francisco, ST=California, C=US
22:52:18.418 [main] DEBUG org.apache.http.conn.ssl.SSLConnectionSocketFactory -  peer alternative names: [api.twitter.com]
22:52:18.418 [main] DEBUG org.apache.http.conn.ssl.SSLConnectionSocketFactory -  issuer principal: CN=DigiCert TLS RSA SHA256 2020 CA1, O=DigiCert Inc, C=US
22:52:18.418 [main] DEBUG org.apache.http.impl.conn.DefaultHttpClientConnectionOperator - Connection established 10.142.0.3:59660<->104.244.42.66:443
22:52:18.418 [main] DEBUG org.apache.http.impl.execchain.MainClientExec - Executing request POST /1.1/statuses/destroy/1498713322983677952.json HTTP/1.1
22:52:18.418 [main] DEBUG org.apache.http.impl.execchain.MainClientExec - Proxy auth state: UNCHALLENGED
22:52:18.418 [main] DEBUG org.apache.http.headers - http-outgoing-6 >> POST /1.1/statuses/destroy/1498713322983677952.json HTTP/1.1
22:52:18.418 [main] DEBUG org.apache.http.headers - http-outgoing-6 >> Authorization: OAuth oauth_consumer_key="qZTTQsg3r0DTxMgdKZTozDPeW", oauth_nonce="3213067023212278663", oauth_signature="u%2Bz6dsIFH%2FK77jCwavt28a2xHGY%3D", oauth_signature_method="HMAC-SHA1", oauth_timestamp="1646175138", oauth_token="1007602087780286464-TpgVxeHh0eJtvOU4c0iVDohiD6EQRg", oauth_version="1.0"
22:52:18.418 [main] DEBUG org.apache.http.headers - http-outgoing-6 >> Content-Length: 0
22:52:18.418 [main] DEBUG org.apache.http.headers - http-outgoing-6 >> Host: api.twitter.com
22:52:18.418 [main] DEBUG org.apache.http.headers - http-outgoing-6 >> Connection: Keep-Alive
22:52:18.418 [main] DEBUG org.apache.http.headers - http-outgoing-6 >> User-Agent: Apache-HttpClient/4.5.7 (Java/1.8.0_322)
22:52:18.418 [main] DEBUG org.apache.http.headers - http-outgoing-6 >> Accept-Encoding: gzip,deflate
22:52:18.419 [main] DEBUG org.apache.http.wire - http-outgoing-6 >> "POST /1.1/statuses/destroy/1498713322983677952.json HTTP/1.1[\r][\n]"
22:52:18.419 [main] DEBUG org.apache.http.wire - http-outgoing-6 >> "Authorization: OAuth oauth_consumer_key="qZTTQsg3r0DTxMgdKZTozDPeW", oauth_nonce="3213067023212278663", oauth_signature="u%2Bz6dsIFH%2FK77jCwavt28a2xHGY%3D", oauth_signature_method="HMAC-SHA1", oauth_timestamp="1646175138", oauth_token="1007602087780286464-TpgVxeHh0eJtvOU4c0iVDohiD6EQRg", oauth_version="1.0"[\r][\n]"
22:52:18.419 [main] DEBUG org.apache.http.wire - http-outgoing-6 >> "Content-Length: 0[\r][\n]"
22:52:18.419 [main] DEBUG org.apache.http.wire - http-outgoing-6 >> "Host: api.twitter.com[\r][\n]"
22:52:18.419 [main] DEBUG org.apache.http.wire - http-outgoing-6 >> "Connection: Keep-Alive[\r][\n]"
22:52:18.419 [main] DEBUG org.apache.http.wire - http-outgoing-6 >> "User-Agent: Apache-HttpClient/4.5.7 (Java/1.8.0_322)[\r][\n]"
22:52:18.419 [main] DEBUG org.apache.http.wire - http-outgoing-6 >> "Accept-Encoding: gzip,deflate[\r][\n]"
22:52:18.419 [main] DEBUG org.apache.http.wire - http-outgoing-6 >> "[\r][\n]"
22:52:18.461 [main] DEBUG org.apache.http.wire - http-outgoing-6 << "HTTP/1.1 404 Not Found[\r][\n]"
22:52:18.461 [main] DEBUG org.apache.http.wire - http-outgoing-6 << "date: Tue, 01 Mar 2022 22:52:18 GMT[\r][\n]"
22:52:18.461 [main] DEBUG org.apache.http.wire - http-outgoing-6 << "pragma: no-cache[\r][\n]"
22:52:18.461 [main] DEBUG org.apache.http.wire - http-outgoing-6 << "server: tsa_b[\r][\n]"
22:52:18.461 [main] DEBUG org.apache.http.wire - http-outgoing-6 << "status: 404 Not Found[\r][\n]"
22:52:18.461 [main] DEBUG org.apache.http.wire - http-outgoing-6 << "expires: Tue, 31 Mar 1981 05:00:00 GMT[\r][\n]"
22:52:18.461 [main] DEBUG org.apache.http.wire - http-outgoing-6 << "set-cookie: guest_id_marketing=v1%3A164617513842714126; Max-Age=63072000; Expires=Thu, 29 Feb 2024 22:52:18 GMT; Path=/; Domain=.twitter.com; Secure; SameSite=None[\r][\n]"
22:52:18.461 [main] DEBUG org.apache.http.wire - http-outgoing-6 << "set-cookie: guest_id_ads=v1%3A164617513842714126; Max-Age=63072000; Expires=Thu, 29 Feb 2024 22:52:18 GMT; Path=/; Domain=.twitter.com; Secure; SameSite=None[\r][\n]"
22:52:18.461 [main] DEBUG org.apache.http.wire - http-outgoing-6 << "set-cookie: personalization_id="v1_SsYIeOLC/9K2Bg0cFQSRaw=="; Max-Age=63072000; Expires=Thu, 29 Feb 2024 22:52:18 GMT; Path=/; Domain=.twitter.com; Secure; SameSite=None[\r][\n]"
22:52:18.461 [main] DEBUG org.apache.http.wire - http-outgoing-6 << "set-cookie: lang=en; Path=/[\r][\n]"
22:52:18.461 [main] DEBUG org.apache.http.wire - http-outgoing-6 << "set-cookie: guest_id=v1%3A164617513842714126; Max-Age=63072000; Expires=Thu, 29 Feb 2024 22:52:18 GMT; Path=/; Domain=.twitter.com; Secure; SameSite=None[\r][\n]"
22:52:18.461 [main] DEBUG org.apache.http.wire - http-outgoing-6 << "content-type: application/json; charset=utf-8[\r][\n]"
22:52:18.461 [main] DEBUG org.apache.http.wire - http-outgoing-6 << "cache-control: no-cache, no-store, must-revalidate, pre-check=0, post-check=0[\r][\n]"
22:52:18.461 [main] DEBUG org.apache.http.wire - http-outgoing-6 << "last-modified: Tue, 01 Mar 2022 22:52:18 GMT[\r][\n]"
22:52:18.461 [main] DEBUG org.apache.http.wire - http-outgoing-6 << "x-transaction: 90ee7fa9ace76738[\r][\n]"
22:52:18.462 [main] DEBUG org.apache.http.wire - http-outgoing-6 << "content-length: 92[\r][\n]"
22:52:18.462 [main] DEBUG org.apache.http.wire - http-outgoing-6 << "x-frame-options: SAMEORIGIN[\r][\n]"
22:52:18.462 [main] DEBUG org.apache.http.wire - http-outgoing-6 << "content-encoding: gzip[\r][\n]"
22:52:18.462 [main] DEBUG org.apache.http.wire - http-outgoing-6 << "x-xss-protection: 0[\r][\n]"
22:52:18.462 [main] DEBUG org.apache.http.wire - http-outgoing-6 << "content-disposition: attachment; filename=json.json[\r][\n]"
22:52:18.462 [main] DEBUG org.apache.http.wire - http-outgoing-6 << "x-content-type-options: nosniff[\r][\n]"
22:52:18.462 [main] DEBUG org.apache.http.wire - http-outgoing-6 << "x-twitter-response-tags: BouncerCompliant[\r][\n]"
22:52:18.462 [main] DEBUG org.apache.http.wire - http-outgoing-6 << "strict-transport-security: max-age=631138519[\r][\n]"
22:52:18.462 [main] DEBUG org.apache.http.wire - http-outgoing-6 << "x-response-time: 19[\r][\n]"
22:52:18.462 [main] DEBUG org.apache.http.wire - http-outgoing-6 << "x-connection-hash: e0005cd498a327fd752b45baff3c7617e27eccfb69d0ad336ab5ddd7b26847bf[\r][\n]"
22:52:18.462 [main] DEBUG org.apache.http.wire - http-outgoing-6 << "[\r][\n]"
22:52:18.462 [main] DEBUG org.apache.http.wire - http-outgoing-6 << "[0x1f][0x8b][0x8][0x0][0x0][0x0][0x0][0x0][0x0][0x0][0xaa]VJ-*[0xca]/*V[0xb2][0x8a][0xae]VJ[0xce]OIU[0xb2]241[0xd1]Q[0xca]M-.NL[0x7][0xf2][0x94][0xfc][0xf2][0x15][0x8a]K[0x12]KJ[0x8b][0x15][0xd2][0xf2]K[0xf3]R[0x14][0xca]3K2[0x14]J2[0x12]K[0x14]<][0xf4][0x94]jck[0x1][0x0][0x0][0x0][0xff][0xff][0x3][0x0][0x11]=[0xf6]KC[0x0][0x0][0x0]"
22:52:18.462 [main] DEBUG org.apache.http.headers - http-outgoing-6 << HTTP/1.1 404 Not Found
22:52:18.462 [main] DEBUG org.apache.http.headers - http-outgoing-6 << date: Tue, 01 Mar 2022 22:52:18 GMT
22:52:18.462 [main] DEBUG org.apache.http.headers - http-outgoing-6 << pragma: no-cache
22:52:18.462 [main] DEBUG org.apache.http.headers - http-outgoing-6 << server: tsa_b
22:52:18.462 [main] DEBUG org.apache.http.headers - http-outgoing-6 << status: 404 Not Found
22:52:18.462 [main] DEBUG org.apache.http.headers - http-outgoing-6 << expires: Tue, 31 Mar 1981 05:00:00 GMT
22:52:18.462 [main] DEBUG org.apache.http.headers - http-outgoing-6 << set-cookie: guest_id_marketing=v1%3A164617513842714126; Max-Age=63072000; Expires=Thu, 29 Feb 2024 22:52:18 GMT; Path=/; Domain=.twitter.com; Secure; SameSite=None
22:52:18.462 [main] DEBUG org.apache.http.headers - http-outgoing-6 << set-cookie: guest_id_ads=v1%3A164617513842714126; Max-Age=63072000; Expires=Thu, 29 Feb 2024 22:52:18 GMT; Path=/; Domain=.twitter.com; Secure; SameSite=None
22:52:18.462 [main] DEBUG org.apache.http.headers - http-outgoing-6 << set-cookie: personalization_id="v1_SsYIeOLC/9K2Bg0cFQSRaw=="; Max-Age=63072000; Expires=Thu, 29 Feb 2024 22:52:18 GMT; Path=/; Domain=.twitter.com; Secure; SameSite=None
22:52:18.462 [main] DEBUG org.apache.http.headers - http-outgoing-6 << set-cookie: lang=en; Path=/
22:52:18.462 [main] DEBUG org.apache.http.headers - http-outgoing-6 << set-cookie: guest_id=v1%3A164617513842714126; Max-Age=63072000; Expires=Thu, 29 Feb 2024 22:52:18 GMT; Path=/; Domain=.twitter.com; Secure; SameSite=None
22:52:18.462 [main] DEBUG org.apache.http.headers - http-outgoing-6 << content-type: application/json; charset=utf-8
22:52:18.462 [main] DEBUG org.apache.http.headers - http-outgoing-6 << cache-control: no-cache, no-store, must-revalidate, pre-check=0, post-check=0
22:52:18.462 [main] DEBUG org.apache.http.headers - http-outgoing-6 << last-modified: Tue, 01 Mar 2022 22:52:18 GMT
22:52:18.462 [main] DEBUG org.apache.http.headers - http-outgoing-6 << x-transaction: 90ee7fa9ace76738
22:52:18.462 [main] DEBUG org.apache.http.headers - http-outgoing-6 << content-length: 92
22:52:18.462 [main] DEBUG org.apache.http.headers - http-outgoing-6 << x-frame-options: SAMEORIGIN
22:52:18.462 [main] DEBUG org.apache.http.headers - http-outgoing-6 << content-encoding: gzip
22:52:18.462 [main] DEBUG org.apache.http.headers - http-outgoing-6 << x-xss-protection: 0
22:52:18.462 [main] DEBUG org.apache.http.headers - http-outgoing-6 << content-disposition: attachment; filename=json.json
22:52:18.462 [main] DEBUG org.apache.http.headers - http-outgoing-6 << x-content-type-options: nosniff
22:52:18.462 [main] DEBUG org.apache.http.headers - http-outgoing-6 << x-twitter-response-tags: BouncerCompliant
22:52:18.462 [main] DEBUG org.apache.http.headers - http-outgoing-6 << strict-transport-security: max-age=631138519
22:52:18.462 [main] DEBUG org.apache.http.headers - http-outgoing-6 << x-response-time: 19
22:52:18.462 [main] DEBUG org.apache.http.headers - http-outgoing-6 << x-connection-hash: e0005cd498a327fd752b45baff3c7617e27eccfb69d0ad336ab5ddd7b26847bf
22:52:18.462 [main] DEBUG org.apache.http.impl.execchain.MainClientExec - Connection can be kept alive indefinitely
22:52:18.463 [main] WARN org.apache.http.client.protocol.ResponseProcessCookies - Invalid cookie header: "set-cookie: guest_id_marketing=v1%3A164617513842714126; Max-Age=63072000; Expires=Thu, 29 Feb 2024 22:52:18 GMT; Path=/; Domain=.twitter.com; Secure; SameSite=None". Invalid 'expires' attribute: Thu, 29 Feb 2024 22:52:18 GMT
22:52:18.463 [main] WARN org.apache.http.client.protocol.ResponseProcessCookies - Invalid cookie header: "set-cookie: guest_id_ads=v1%3A164617513842714126; Max-Age=63072000; Expires=Thu, 29 Feb 2024 22:52:18 GMT; Path=/; Domain=.twitter.com; Secure; SameSite=None". Invalid 'expires' attribute: Thu, 29 Feb 2024 22:52:18 GMT
22:52:18.463 [main] WARN org.apache.http.client.protocol.ResponseProcessCookies - Invalid cookie header: "set-cookie: personalization_id="v1_SsYIeOLC/9K2Bg0cFQSRaw=="; Max-Age=63072000; Expires=Thu, 29 Feb 2024 22:52:18 GMT; Path=/; Domain=.twitter.com; Secure; SameSite=None". Invalid 'expires' attribute: Thu, 29 Feb 2024 22:52:18 GMT
22:52:18.463 [main] DEBUG org.apache.http.client.protocol.ResponseProcessCookies - Cookie accepted [lang="en", version:0, domain:api.twitter.com, path:/, expiry:null]
22:52:18.464 [main] WARN org.apache.http.client.protocol.ResponseProcessCookies - Invalid cookie header: "set-cookie: guest_id=v1%3A164617513842714126; Max-Age=63072000; Expires=Thu, 29 Feb 2024 22:52:18 GMT; Path=/; Domain=.twitter.com; Secure; SameSite=None". Invalid 'expires' attribute: Thu, 29 Feb 2024 22:52:18 GMT
]]></system-out>
  </testcase>
  <testcase name="postTweet" classname="ca.jrvs.apps.twitter.service.TwitterServiceIntTest" time="0.148">
    <error message="Unexpected HTTP status: 403" type="java.lang.RuntimeException">java.lang.RuntimeException: Unexpected HTTP status: 403
	at ca.jrvs.apps.twitter.service.TwitterServiceIntTest.postTweet(TwitterServiceIntTest.java:45)
</error>
    <system-out><![CDATA[22:52:18.467 [main] DEBUG org.apache.http.client.protocol.RequestAddCookies - CookieSpec selected: default
22:52:18.467 [main] DEBUG org.apache.http.client.protocol.RequestAuthCache - Auth cache not set in the context
22:52:18.467 [main] DEBUG org.apache.http.impl.conn.PoolingHttpClientConnectionManager - Connection request: [route: {s}->https://api.twitter.com:443][total kept alive: 0; route allocated: 0 of 2; total allocated: 0 of 20]
22:52:18.467 [main] DEBUG org.apache.http.impl.conn.PoolingHttpClientConnectionManager - Connection leased: [id: 7][route: {s}->https://api.twitter.com:443][total kept alive: 0; route allocated: 1 of 2; total allocated: 1 of 20]
22:52:18.467 [main] DEBUG org.apache.http.impl.execchain.MainClientExec - Opening connection {s}->https://api.twitter.com:443
22:52:18.467 [main] DEBUG org.apache.http.impl.conn.DefaultHttpClientConnectionOperator - Connecting to api.twitter.com/104.244.42.66:443
22:52:18.467 [main] DEBUG org.apache.http.conn.ssl.SSLConnectionSocketFactory - Connecting socket to api.twitter.com/104.244.42.66:443 with timeout 0
22:52:18.496 [main] DEBUG org.apache.http.conn.ssl.SSLConnectionSocketFactory - Enabled protocols: [TLSv1.2]
22:52:18.496 [main] DEBUG org.apache.http.conn.ssl.SSLConnectionSocketFactory - Enabled cipher suites:[TLS_ECDHE_ECDSA_WITH_AES_256_GCM_SHA384, TLS_ECDHE_ECDSA_WITH_AES_128_GCM_SHA256, TLS_ECDHE_RSA_WITH_AES_256_GCM_SHA384, TLS_ECDHE_RSA_WITH_AES_128_GCM_SHA256, TLS_DHE_RSA_WITH_AES_256_GCM_SHA384, TLS_DHE_DSS_WITH_AES_256_GCM_SHA384, TLS_DHE_RSA_WITH_AES_128_GCM_SHA256, TLS_DHE_DSS_WITH_AES_128_GCM_SHA256, TLS_ECDHE_ECDSA_WITH_AES_256_CBC_SHA384, TLS_ECDHE_RSA_WITH_AES_256_CBC_SHA384, TLS_ECDHE_ECDSA_WITH_AES_128_CBC_SHA256, TLS_ECDHE_RSA_WITH_AES_128_CBC_SHA256, TLS_DHE_RSA_WITH_AES_256_CBC_SHA256, TLS_DHE_DSS_WITH_AES_256_CBC_SHA256, TLS_DHE_RSA_WITH_AES_128_CBC_SHA256, TLS_DHE_DSS_WITH_AES_128_CBC_SHA256, TLS_ECDH_ECDSA_WITH_AES_256_GCM_SHA384, TLS_ECDH_RSA_WITH_AES_256_GCM_SHA384, TLS_ECDH_ECDSA_WITH_AES_128_GCM_SHA256, TLS_ECDH_RSA_WITH_AES_128_GCM_SHA256, TLS_ECDH_ECDSA_WITH_AES_256_CBC_SHA384, TLS_ECDH_RSA_WITH_AES_256_CBC_SHA384, TLS_ECDH_ECDSA_WITH_AES_128_CBC_SHA256, TLS_ECDH_RSA_WITH_AES_128_CBC_SHA256, TLS_ECDHE_ECDSA_WITH_AES_256_CBC_SHA, TLS_ECDHE_RSA_WITH_AES_256_CBC_SHA, TLS_ECDHE_ECDSA_WITH_AES_128_CBC_SHA, TLS_ECDHE_RSA_WITH_AES_128_CBC_SHA, TLS_DHE_RSA_WITH_AES_256_CBC_SHA, TLS_DHE_DSS_WITH_AES_256_CBC_SHA, TLS_DHE_RSA_WITH_AES_128_CBC_SHA, TLS_DHE_DSS_WITH_AES_128_CBC_SHA, TLS_ECDH_ECDSA_WITH_AES_256_CBC_SHA, TLS_ECDH_RSA_WITH_AES_256_CBC_SHA, TLS_ECDH_ECDSA_WITH_AES_128_CBC_SHA, TLS_ECDH_RSA_WITH_AES_128_CBC_SHA, TLS_RSA_WITH_AES_256_GCM_SHA384, TLS_RSA_WITH_AES_128_GCM_SHA256, TLS_RSA_WITH_AES_256_CBC_SHA256, TLS_RSA_WITH_AES_128_CBC_SHA256, TLS_RSA_WITH_AES_256_CBC_SHA, TLS_RSA_WITH_AES_128_CBC_SHA, TLS_EMPTY_RENEGOTIATION_INFO_SCSV]
22:52:18.496 [main] DEBUG org.apache.http.conn.ssl.SSLConnectionSocketFactory - Starting handshake
22:52:18.576 [main] DEBUG org.apache.http.conn.ssl.SSLConnectionSocketFactory - Secure session established
22:52:18.576 [main] DEBUG org.apache.http.conn.ssl.SSLConnectionSocketFactory -  negotiated protocol: TLSv1.2
22:52:18.576 [main] DEBUG org.apache.http.conn.ssl.SSLConnectionSocketFactory -  negotiated cipher suite: TLS_ECDHE_RSA_WITH_AES_128_GCM_SHA256
22:52:18.576 [main] DEBUG org.apache.http.conn.ssl.SSLConnectionSocketFactory -  peer principal: CN=api.twitter.com, O="Twitter, Inc.", L=San Francisco, ST=California, C=US
22:52:18.576 [main] DEBUG org.apache.http.conn.ssl.SSLConnectionSocketFactory -  peer alternative names: [api.twitter.com]
22:52:18.576 [main] DEBUG org.apache.http.conn.ssl.SSLConnectionSocketFactory -  issuer principal: CN=DigiCert TLS RSA SHA256 2020 CA1, O=DigiCert Inc, C=US
22:52:18.576 [main] DEBUG org.apache.http.impl.conn.DefaultHttpClientConnectionOperator - Connection established 10.142.0.3:59662<->104.244.42.66:443
22:52:18.576 [main] DEBUG org.apache.http.impl.execchain.MainClientExec - Executing request POST /1.1/statuses/update.json?status=Testing%20postTweet%20Service&long=1.0&lat=-1.0 HTTP/1.1
22:52:18.576 [main] DEBUG org.apache.http.impl.execchain.MainClientExec - Proxy auth state: UNCHALLENGED
22:52:18.577 [main] DEBUG org.apache.http.headers - http-outgoing-7 >> POST /1.1/statuses/update.json?status=Testing%20postTweet%20Service&long=1.0&lat=-1.0 HTTP/1.1
22:52:18.577 [main] DEBUG org.apache.http.headers - http-outgoing-7 >> Authorization: OAuth oauth_consumer_key="qZTTQsg3r0DTxMgdKZTozDPeW", oauth_nonce="-6055707610235445219", oauth_signature="%2FQczWV40EyhGsS4v7UXGh0RqMKs%3D", oauth_signature_method="HMAC-SHA1", oauth_timestamp="1646175138", oauth_token="1007602087780286464-TpgVxeHh0eJtvOU4c0iVDohiD6EQRg", oauth_version="1.0"
22:52:18.577 [main] DEBUG org.apache.http.headers - http-outgoing-7 >> Content-Length: 0
22:52:18.577 [main] DEBUG org.apache.http.headers - http-outgoing-7 >> Host: api.twitter.com
22:52:18.577 [main] DEBUG org.apache.http.headers - http-outgoing-7 >> Connection: Keep-Alive
22:52:18.577 [main] DEBUG org.apache.http.headers - http-outgoing-7 >> User-Agent: Apache-HttpClient/4.5.7 (Java/1.8.0_322)
22:52:18.577 [main] DEBUG org.apache.http.headers - http-outgoing-7 >> Accept-Encoding: gzip,deflate
22:52:18.577 [main] DEBUG org.apache.http.wire - http-outgoing-7 >> "POST /1.1/statuses/update.json?status=Testing%20postTweet%20Service&long=1.0&lat=-1.0 HTTP/1.1[\r][\n]"
22:52:18.577 [main] DEBUG org.apache.http.wire - http-outgoing-7 >> "Authorization: OAuth oauth_consumer_key="qZTTQsg3r0DTxMgdKZTozDPeW", oauth_nonce="-6055707610235445219", oauth_signature="%2FQczWV40EyhGsS4v7UXGh0RqMKs%3D", oauth_signature_method="HMAC-SHA1", oauth_timestamp="1646175138", oauth_token="1007602087780286464-TpgVxeHh0eJtvOU4c0iVDohiD6EQRg", oauth_version="1.0"[\r][\n]"
22:52:18.577 [main] DEBUG org.apache.http.wire - http-outgoing-7 >> "Content-Length: 0[\r][\n]"
22:52:18.577 [main] DEBUG org.apache.http.wire - http-outgoing-7 >> "Host: api.twitter.com[\r][\n]"
22:52:18.577 [main] DEBUG org.apache.http.wire - http-outgoing-7 >> "Connection: Keep-Alive[\r][\n]"
22:52:18.577 [main] DEBUG org.apache.http.wire - http-outgoing-7 >> "User-Agent: Apache-HttpClient/4.5.7 (Java/1.8.0_322)[\r][\n]"
22:52:18.577 [main] DEBUG org.apache.http.wire - http-outgoing-7 >> "Accept-Encoding: gzip,deflate[\r][\n]"
22:52:18.577 [main] DEBUG org.apache.http.wire - http-outgoing-7 >> "[\r][\n]"
22:52:18.626 [main] DEBUG org.apache.http.wire - http-outgoing-7 << "HTTP/1.1 403 Forbidden[\r][\n]"
22:52:18.626 [main] DEBUG org.apache.http.wire - http-outgoing-7 << "date: Tue, 01 Mar 2022 22:52:18 GMT[\r][\n]"
22:52:18.626 [main] DEBUG org.apache.http.wire - http-outgoing-7 << "pragma: no-cache[\r][\n]"
22:52:18.626 [main] DEBUG org.apache.http.wire - http-outgoing-7 << "server: tsa_b[\r][\n]"
22:52:18.626 [main] DEBUG org.apache.http.wire - http-outgoing-7 << "status: 403 Forbidden[\r][\n]"
22:52:18.626 [main] DEBUG org.apache.http.wire - http-outgoing-7 << "expires: Tue, 31 Mar 1981 05:00:00 GMT[\r][\n]"
22:52:18.626 [main] DEBUG org.apache.http.wire - http-outgoing-7 << "set-cookie: lang=en; Path=/[\r][\n]"
22:52:18.626 [main] DEBUG org.apache.http.wire - http-outgoing-7 << "set-cookie: guest_id=v1%3A164617513858439999; Max-Age=34214400; Expires=Sat, 01 Apr 2023 22:52:18 GMT; Path=/; Domain=.twitter.com; Secure; SameSite=None[\r][\n]"
22:52:18.626 [main] DEBUG org.apache.http.wire - http-outgoing-7 << "content-type: application/json;charset=utf-8[\r][\n]"
22:52:18.626 [main] DEBUG org.apache.http.wire - http-outgoing-7 << "cache-control: no-cache, no-store, must-revalidate, pre-check=0, post-check=0[\r][\n]"
22:52:18.626 [main] DEBUG org.apache.http.wire - http-outgoing-7 << "last-modified: Tue, 01 Mar 2022 22:52:18 GMT[\r][\n]"
22:52:18.626 [main] DEBUG org.apache.http.wire - http-outgoing-7 << "x-transaction: 05d72a3b35bba7f9[\r][\n]"
22:52:18.626 [main] DEBUG org.apache.http.wire - http-outgoing-7 << "content-length: 85[\r][\n]"
22:52:18.626 [main] DEBUG org.apache.http.wire - http-outgoing-7 << "x-access-level: read-write[\r][\n]"
22:52:18.626 [main] DEBUG org.apache.http.wire - http-outgoing-7 << "x-frame-options: SAMEORIGIN[\r][\n]"
22:52:18.626 [main] DEBUG org.apache.http.wire - http-outgoing-7 << "content-encoding: gzip[\r][\n]"
22:52:18.626 [main] DEBUG org.apache.http.wire - http-outgoing-7 << "x-xss-protection: 0[\r][\n]"
22:52:18.626 [main] DEBUG org.apache.http.wire - http-outgoing-7 << "content-disposition: attachment; filename=json.json[\r][\n]"
22:52:18.626 [main] DEBUG org.apache.http.wire - http-outgoing-7 << "x-content-type-options: nosniff[\r][\n]"
22:52:18.626 [main] DEBUG org.apache.http.wire - http-outgoing-7 << "x-twitter-response-tags: BouncerCompliant[\r][\n]"
22:52:18.626 [main] DEBUG org.apache.http.wire - http-outgoing-7 << "strict-transport-security: max-age=631138519[\r][\n]"
22:52:18.626 [main] DEBUG org.apache.http.wire - http-outgoing-7 << "x-response-time: 24[\r][\n]"
22:52:18.626 [main] DEBUG org.apache.http.wire - http-outgoing-7 << "x-connection-hash: 16c549240adc0471c36d57e137341123069879650727d8d30ea6c1b6276a3457[\r][\n]"
22:52:18.626 [main] DEBUG org.apache.http.wire - http-outgoing-7 << "[\r][\n]"
22:52:18.626 [main] DEBUG org.apache.http.wire - http-outgoing-7 << "[0x1f][0x8b][0x8][0x0][0x0][0x0][0x0][0x0][0x0][0x0][0xaa]VJ-*[0xca]/*V[0xb2][0x8a][0xae]VJ[0xce]OIU[0xb2]2[0xb4]0[0xd7]Q[0xca]M-.NL[0x7][0xf2][0x94][0x82]K[0x12]KJ[0x8b][0x15]2[0x8b][0x15][0x12][0x15]RJ[0xb]r2[0x93][0x13]KR[0xf5][0x94]jck[0x1][0x0][0x0][0x0][0xff][0xff][0x3][0x0]L[0xb4][0xa3][0x98]<[0x0][0x0][0x0]"
22:52:18.626 [main] DEBUG org.apache.http.headers - http-outgoing-7 << HTTP/1.1 403 Forbidden
22:52:18.626 [main] DEBUG org.apache.http.headers - http-outgoing-7 << date: Tue, 01 Mar 2022 22:52:18 GMT
22:52:18.626 [main] DEBUG org.apache.http.headers - http-outgoing-7 << pragma: no-cache
22:52:18.626 [main] DEBUG org.apache.http.headers - http-outgoing-7 << server: tsa_b
22:52:18.627 [main] DEBUG org.apache.http.headers - http-outgoing-7 << status: 403 Forbidden
22:52:18.627 [main] DEBUG org.apache.http.headers - http-outgoing-7 << expires: Tue, 31 Mar 1981 05:00:00 GMT
22:52:18.627 [main] DEBUG org.apache.http.headers - http-outgoing-7 << set-cookie: lang=en; Path=/
22:52:18.627 [main] DEBUG org.apache.http.headers - http-outgoing-7 << set-cookie: guest_id=v1%3A164617513858439999; Max-Age=34214400; Expires=Sat, 01 Apr 2023 22:52:18 GMT; Path=/; Domain=.twitter.com; Secure; SameSite=None
22:52:18.627 [main] DEBUG org.apache.http.headers - http-outgoing-7 << content-type: application/json;charset=utf-8
22:52:18.627 [main] DEBUG org.apache.http.headers - http-outgoing-7 << cache-control: no-cache, no-store, must-revalidate, pre-check=0, post-check=0
22:52:18.627 [main] DEBUG org.apache.http.headers - http-outgoing-7 << last-modified: Tue, 01 Mar 2022 22:52:18 GMT
22:52:18.627 [main] DEBUG org.apache.http.headers - http-outgoing-7 << x-transaction: 05d72a3b35bba7f9
22:52:18.627 [main] DEBUG org.apache.http.headers - http-outgoing-7 << content-length: 85
22:52:18.627 [main] DEBUG org.apache.http.headers - http-outgoing-7 << x-access-level: read-write
22:52:18.627 [main] DEBUG org.apache.http.headers - http-outgoing-7 << x-frame-options: SAMEORIGIN
22:52:18.627 [main] DEBUG org.apache.http.headers - http-outgoing-7 << content-encoding: gzip
22:52:18.627 [main] DEBUG org.apache.http.headers - http-outgoing-7 << x-xss-protection: 0
22:52:18.627 [main] DEBUG org.apache.http.headers - http-outgoing-7 << content-disposition: attachment; filename=json.json
22:52:18.627 [main] DEBUG org.apache.http.headers - http-outgoing-7 << x-content-type-options: nosniff
22:52:18.627 [main] DEBUG org.apache.http.headers - http-outgoing-7 << x-twitter-response-tags: BouncerCompliant
22:52:18.627 [main] DEBUG org.apache.http.headers - http-outgoing-7 << strict-transport-security: max-age=631138519
22:52:18.627 [main] DEBUG org.apache.http.headers - http-outgoing-7 << x-response-time: 24
22:52:18.627 [main] DEBUG org.apache.http.headers - http-outgoing-7 << x-connection-hash: 16c549240adc0471c36d57e137341123069879650727d8d30ea6c1b6276a3457
22:52:18.627 [main] DEBUG org.apache.http.impl.execchain.MainClientExec - Connection can be kept alive indefinitely
22:52:18.627 [main] DEBUG org.apache.http.client.protocol.ResponseProcessCookies - Cookie accepted [lang="en", version:0, domain:api.twitter.com, path:/, expiry:null]
22:52:18.627 [main] WARN org.apache.http.client.protocol.ResponseProcessCookies - Invalid cookie header: "set-cookie: guest_id=v1%3A164617513858439999; Max-Age=34214400; Expires=Sat, 01 Apr 2023 22:52:18 GMT; Path=/; Domain=.twitter.com; Secure; SameSite=None". Invalid 'expires' attribute: Sat, 01 Apr 2023 22:52:18 GMT
]]></system-out>
  </testcase>
</testsuite>